<?xml version="1.0" encoding="UTF-8"?>
<robot generator="Robot 6.0.1 (Python 3.8.10 on win32)" generated="20221125 22:31:15.746" rpa="false" schemaversion="3">
<suite id="s1" name="FOR If Testcase" source="D:\Testing Documents\TestAutomation\Saucelab\Testcases\FOR_If_Testcase.robot">
<test id="s1-t1" name="For Loop Statement" line="18">
<kw name="SucessfullLogin">
<kw name="OpeningMyBrowser" library="Keyword_SauceLab">
<kw name="Open Browser" library="SeleniumLibrary">
<arg>https://www.saucedemo.com/</arg>
<arg>chrome</arg>
<doc>Opens a new browser instance to the optional ``url``.</doc>
<msg timestamp="20221125 22:31:16.339" level="INFO">Opening browser 'chrome' to base url 'https://www.saucedemo.com/'.</msg>
<status status="PASS" starttime="20221125 22:31:16.339" endtime="20221125 22:31:32.906"/>
</kw>
<kw name="Maximize Browser Window" library="SeleniumLibrary">
<doc>Maximizes current browser window.</doc>
<status status="PASS" starttime="20221125 22:31:32.907" endtime="20221125 22:31:33.330"/>
</kw>
<kw name="Sleep" library="BuiltIn">
<arg>2 seconds</arg>
<doc>Pauses the test executed for the given time.</doc>
<msg timestamp="20221125 22:31:35.333" level="INFO">Slept 2 seconds</msg>
<status status="PASS" starttime="20221125 22:31:33.330" endtime="20221125 22:31:35.333"/>
</kw>
<status status="PASS" starttime="20221125 22:31:16.339" endtime="20221125 22:31:35.333"/>
</kw>
<kw name="Input Text" library="SeleniumLibrary">
<arg>xpath://*[@id="user-name"]</arg>
<arg>standard_user</arg>
<doc>Types the given ``text`` into the text field identified by ``locator``.</doc>
<msg timestamp="20221125 22:31:35.333" level="INFO">Typing text 'standard_user' into text field 'xpath://*[@id="user-name"]'.</msg>
<status status="PASS" starttime="20221125 22:31:35.333" endtime="20221125 22:31:35.576"/>
</kw>
<kw name="Input Text" library="SeleniumLibrary">
<arg>xpath://*[@id="password"]</arg>
<arg>secret_sauce</arg>
<doc>Types the given ``text`` into the text field identified by ``locator``.</doc>
<msg timestamp="20221125 22:31:35.578" level="INFO">Typing text 'secret_sauce' into text field 'xpath://*[@id="password"]'.</msg>
<status status="PASS" starttime="20221125 22:31:35.576" endtime="20221125 22:31:35.811"/>
</kw>
<kw name="Press Keys" library="SeleniumLibrary">
<arg>xpath://*[@id="login-button"]</arg>
<arg>RETURN</arg>
<doc>Simulates the user pressing key(s) to an element or on the active browser.</doc>
<msg timestamp="20221125 22:31:35.813" level="INFO">Sending key(s) ('RETURN',) to xpath://*[@id="login-button"] element.</msg>
<msg timestamp="20221125 22:31:36.282" level="INFO">Pressing special key RETURN to element.</msg>
<msg timestamp="20221125 22:31:36.282" level="INFO">Releasing special key RETURN.</msg>
<status status="PASS" starttime="20221125 22:31:35.811" endtime="20221125 22:31:36.305"/>
</kw>
<status status="PASS" starttime="20221125 22:31:16.339" endtime="20221125 22:31:36.305"/>
</kw>
<kw name="Get WebElements" library="SeleniumLibrary">
<var>@{result_list}</var>
<arg>xpath://*[@class="inventory_list"]/div</arg>
<doc>Returns a list of WebElement objects matching the ``locator``.</doc>
<msg timestamp="20221125 22:31:36.333" level="INFO">@{result_list} = [ &lt;selenium.webdriver.remote.webelement.WebElement (session="80b9550fc4673d678e6f99d607a468e5", element="2dbfa576-ab5e-4ccc-aa36-fdd4eac13bec")&gt; | &lt;selenium.webdriver.remote.webelement.WebElement (ses...</msg>
<status status="PASS" starttime="20221125 22:31:36.306" endtime="20221125 22:31:36.333"/>
</kw>
<for flavor="IN">
<var>${element}</var>
<value>@{result_list}</value>
<iter>
<var name="${element}">&lt;selenium.webdriver.remote.webelement.WebElement (session="80b9550fc4673d678e6f99d607a468e5", element="2dbfa576-ab5e-4ccc-aa36-fdd4eac13bec")&gt;</var>
<kw name="Get Text" library="SeleniumLibrary">
<var>${text}</var>
<arg>${element}</arg>
<doc>Returns the text value of the element identified by ``locator``.</doc>
<msg timestamp="20221125 22:31:36.367" level="INFO">${text} = Sauce Labs Backpack
carry.allTheThings() with the sleek, streamlined Sly Pack that melds uncompromising style with unequaled laptop and tablet protection.
$29.99
ADD TO CART</msg>
<status status="PASS" starttime="20221125 22:31:36.337" endtime="20221125 22:31:36.367"/>
</kw>
<status status="PASS" starttime="20221125 22:31:36.336" endtime="20221125 22:31:36.367"/>
</iter>
<iter>
<var name="${element}">&lt;selenium.webdriver.remote.webelement.WebElement (session="80b9550fc4673d678e6f99d607a468e5", element="725ceb16-4e9b-4715-a76d-db5c6b8edfad")&gt;</var>
<kw name="Get Text" library="SeleniumLibrary">
<var>${text}</var>
<arg>${element}</arg>
<doc>Returns the text value of the element identified by ``locator``.</doc>
<msg timestamp="20221125 22:31:36.414" level="INFO">${text} = Sauce Labs Bike Light
A red light isn't the desired state in testing but it sure helps when riding your bike at night. Water-resistant with 3 lighting modes, 1 AAA battery included.
$9.99
ADD TO CART</msg>
<status status="PASS" starttime="20221125 22:31:36.367" endtime="20221125 22:31:36.414"/>
</kw>
<status status="PASS" starttime="20221125 22:31:36.367" endtime="20221125 22:31:36.414"/>
</iter>
<iter>
<var name="${element}">&lt;selenium.webdriver.remote.webelement.WebElement (session="80b9550fc4673d678e6f99d607a468e5", element="72dc6c08-51c1-4c85-aa73-ea88e67610af")&gt;</var>
<kw name="Get Text" library="SeleniumLibrary">
<var>${text}</var>
<arg>${element}</arg>
<doc>Returns the text value of the element identified by ``locator``.</doc>
<msg timestamp="20221125 22:31:36.466" level="INFO">${text} = Sauce Labs Bolt T-Shirt
Get your testing superhero on with the Sauce Labs bolt T-shirt. From American Apparel, 100% ringspun combed cotton, heather gray with red bolt.
$15.99
ADD TO CART</msg>
<status status="PASS" starttime="20221125 22:31:36.414" endtime="20221125 22:31:36.466"/>
</kw>
<status status="PASS" starttime="20221125 22:31:36.414" endtime="20221125 22:31:36.466"/>
</iter>
<iter>
<var name="${element}">&lt;selenium.webdriver.remote.webelement.WebElement (session="80b9550fc4673d678e6f99d607a468e5", element="05d14863-05c6-4952-a19b-ab927c5095a2")&gt;</var>
<kw name="Get Text" library="SeleniumLibrary">
<var>${text}</var>
<arg>${element}</arg>
<doc>Returns the text value of the element identified by ``locator``.</doc>
<msg timestamp="20221125 22:31:36.506" level="INFO">${text} = Sauce Labs Fleece Jacket
It's not every day that you come across a midweight quarter-zip fleece jacket capable of handling everything from a relaxing day outdoors to a busy day at the office.
$49.99
A...</msg>
<status status="PASS" starttime="20221125 22:31:36.466" endtime="20221125 22:31:36.506"/>
</kw>
<status status="PASS" starttime="20221125 22:31:36.466" endtime="20221125 22:31:36.506"/>
</iter>
<iter>
<var name="${element}">&lt;selenium.webdriver.remote.webelement.WebElement (session="80b9550fc4673d678e6f99d607a468e5", element="b55af53e-e36f-4f23-9808-7bcc0f1ec1df")&gt;</var>
<kw name="Get Text" library="SeleniumLibrary">
<var>${text}</var>
<arg>${element}</arg>
<doc>Returns the text value of the element identified by ``locator``.</doc>
<msg timestamp="20221125 22:31:36.549" level="INFO">${text} = Sauce Labs Onesie
Rib snap infant onesie for the junior automation engineer in development. Reinforced 3-snap bottom closure, two-needle hemmed sleeved and bottom won't unravel.
$7.99
ADD TO CART</msg>
<status status="PASS" starttime="20221125 22:31:36.507" endtime="20221125 22:31:36.549"/>
</kw>
<status status="PASS" starttime="20221125 22:31:36.507" endtime="20221125 22:31:36.549"/>
</iter>
<iter>
<var name="${element}">&lt;selenium.webdriver.remote.webelement.WebElement (session="80b9550fc4673d678e6f99d607a468e5", element="3a6d2c95-a87d-4fff-8136-1049dfdca0be")&gt;</var>
<kw name="Get Text" library="SeleniumLibrary">
<var>${text}</var>
<arg>${element}</arg>
<doc>Returns the text value of the element identified by ``locator``.</doc>
<msg timestamp="20221125 22:31:36.596" level="INFO">${text} = Test.allTheThings() T-Shirt (Red)
This classic Sauce Labs t-shirt is perfect to wear when cozying up to your keyboard to automate a few tests. Super-soft and comfy ringspun combed cotton.
$15.99
ADD T...</msg>
<status status="PASS" starttime="20221125 22:31:36.550" endtime="20221125 22:31:36.596"/>
</kw>
<status status="PASS" starttime="20221125 22:31:36.550" endtime="20221125 22:31:36.597"/>
</iter>
<status status="PASS" starttime="20221125 22:31:36.335" endtime="20221125 22:31:36.597"/>
</for>
<doc>with for loop text in the webelements on the page and store</doc>
<tag>ForLoop</tag>
<status status="PASS" starttime="20221125 22:31:16.339" endtime="20221125 22:31:36.598"/>
</test>
<status status="PASS" starttime="20221125 22:31:15.762" endtime="20221125 22:31:36.602"/>
</suite>
<statistics>
<total>
<stat pass="1" fail="0" skip="0">All Tests</stat>
</total>
<tag>
<stat pass="1" fail="0" skip="0">ForLoop</stat>
</tag>
<suite>
<stat pass="1" fail="0" skip="0" id="s1" name="FOR If Testcase">FOR If Testcase</stat>
</suite>
</statistics>
<errors>
</errors>
</robot>
